5 - Service tiers/2 - TP Twitter/app/build/outputs/apk/manifest-merger-debug-report.txt
-- Merging decision tree log ---
manifest
ADDED from AndroidManifest.xml:2:1
	xmlns:android
		ADDED from AndroidManifest.xml:2:11
	package
		ADDED from AndroidManifest.xml:3:5
		INJECTED from AndroidManifest.xml:0:0
		INJECTED from AndroidManifest.xml:0:0
	android:versionName
		INJECTED from AndroidManifest.xml:0:0
		INJECTED from AndroidManifest.xml:0:0
	android:versionCode
		INJECTED from AndroidManifest.xml:0:0
		INJECTED from AndroidManifest.xml:0:0
application
ADDED from AndroidManifest.xml:5:5
MERGED from com.android.support:appcompat-v7:21.0.3:16:5
MERGED from com.android.support:support-v4:21.0.3:16:5
MERGED from com.twitter.sdk.android:twitter:1.0.0:11:5
MERGED from com.twitter.sdk.android:tweet-composer:0.7.0:13:5
MERGED from com.twitter.sdk.android:twitter-core:1.0.0:13:5
MERGED from io.fabric.sdk.android:fabric:1.0.0:11:5
MERGED from io.fabric.sdk.android:fabric:1.0.0:11:5
MERGED from com.digits.sdk.android:digits:1.0.0:13:5
MERGED from com.twitter.sdk.android:twitter-core:1.0.0:13:5
MERGED from io.fabric.sdk.android:fabric:1.0.0:11:5
MERGED from io.fabric.sdk.android:fabric:1.0.0:11:5
MERGED from com.twitter.sdk.android:tweet-ui:1.0.0:13:5
MERGED from com.twitter.sdk.android:twitter-core:1.0.0:13:5
MERGED from io.fabric.sdk.android:fabric:1.0.0:11:5
MERGED from io.fabric.sdk.android:fabric:1.0.0:11:5
MERGED from com.android.support:support-v4:21.0.3:16:5
MERGED from com.twitter.sdk.android:twitter-core:1.0.0:13:5
MERGED from io.fabric.sdk.android:fabric:1.0.0:11:5
MERGED from io.fabric.sdk.android:fabric:1.0.0:11:5
MERGED from com.twitter.sdk.android:tweet-ui:1.0.0:13:5
MERGED from com.twitter.sdk.android:twitter-core:1.0.0:13:5
MERGED from io.fabric.sdk.android:fabric:1.0.0:11:5
MERGED from io.fabric.sdk.android:fabric:1.0.0:11:5
MERGED from com.android.support:support-v4:21.0.3:16:5
	android:label
		ADDED from AndroidManifest.xml:9:9
	android:allowBackup
		ADDED from AndroidManifest.xml:7:9
	android:icon
		ADDED from AndroidManifest.xml:8:9
	android:theme
		ADDED from AndroidManifest.xml:10:9
	android:name
		ADDED from AndroidManifest.xml:6:9
activity#com.jgl.tptwitter.TwitterLoginActivity
ADDED from AndroidManifest.xml:11:9
	android:label
		ADDED from AndroidManifest.xml:13:13
	android:name
		ADDED from AndroidManifest.xml:12:13
intent-filter#android.intent.action.MAIN+android.intent.category.LAUNCHER
ADDED from AndroidManifest.xml:14:13
action#android.intent.action.MAIN
ADDED from AndroidManifest.xml:15:17
	android:name
		ADDED from AndroidManifest.xml:15:25
category#android.intent.category.LAUNCHER
ADDED from AndroidManifest.xml:17:17
	android:name
		ADDED from AndroidManifest.xml:17:27
activity#com.jgl.tptwitter.TweetActivity
ADDED from AndroidManifest.xml:20:9
	android:label
		ADDED from AndroidManifest.xml:22:13
	android:name
		ADDED from AndroidManifest.xml:21:13
uses-sdk
INJECTED from AndroidManifest.xml:0:0 reason: use-sdk injection requested
MERGED from com.android.support:appcompat-v7:21.0.3:15:5
MERGED from com.android.support:support-v4:21.0.3:15:5
MERGED from com.twitter.sdk.android:twitter:1.0.0:7:5
MERGED from com.twitter.sdk.android:tweet-composer:0.7.0:7:5
MERGED from com.twitter.sdk.android:twitter-core:1.0.0:7:5
MERGED from io.fabric.sdk.android:fabric:1.0.0:7:5
MERGED from io.fabric.sdk.android:fabric:1.0.0:7:5
MERGED from com.digits.sdk.android:digits:1.0.0:7:5
MERGED from com.twitter.sdk.android:twitter-core:1.0.0:7:5
MERGED from io.fabric.sdk.android:fabric:1.0.0:7:5
MERGED from io.fabric.sdk.android:fabric:1.0.0:7:5
MERGED from com.twitter.sdk.android:tweet-ui:1.0.0:7:5
MERGED from com.twitter.sdk.android:twitter-core:1.0.0:7:5
MERGED from io.fabric.sdk.android:fabric:1.0.0:7:5
MERGED from io.fabric.sdk.android:fabric:1.0.0:7:5
MERGED from com.android.support:support-v4:21.0.3:15:5
MERGED from com.twitter.sdk.android:twitter-core:1.0.0:7:5
MERGED from io.fabric.sdk.android:fabric:1.0.0:7:5
MERGED from io.fabric.sdk.android:fabric:1.0.0:7:5
MERGED from com.twitter.sdk.android:tweet-ui:1.0.0:7:5
MERGED from com.twitter.sdk.android:twitter-core:1.0.0:7:5
MERGED from io.fabric.sdk.android:fabric:1.0.0:7:5
MERGED from io.fabric.sdk.android:fabric:1.0.0:7:5
MERGED from com.android.support:support-v4:21.0.3:15:5
	android:targetSdkVersion
		INJECTED from AndroidManifest.xml:0:0
		INJECTED from AndroidManifest.xml:0:0
	android:minSdkVersion
		INJECTED from AndroidManifest.xml:0:0
		INJECTED from AndroidManifest.xml:0:0
uses-permission#android.permission.INTERNET
ADDED from com.twitter.sdk.android:tweet-composer:0.7.0:11:5
MERGED from com.twitter.sdk.android:twitter-core:1.0.0:11:5
MERGED from com.digits.sdk.android:digits:1.0.0:11:5
MERGED from com.twitter.sdk.android:twitter-core:1.0.0:11:5
MERGED from com.twitter.sdk.android:tweet-ui:1.0.0:11:5
MERGED from com.twitter.sdk.android:twitter-core:1.0.0:11:5
MERGED from com.twitter.sdk.android:twitter-core:1.0.0:11:5
MERGED from com.twitter.sdk.android:tweet-ui:1.0.0:11:5
MERGED from com.twitter.sdk.android:twitter-core:1.0.0:11:5
	android:name
		ADDED from com.twitter.sdk.android:tweet-composer:0.7.0:11:22
activity#com.twitter.sdk.android.core.identity.OAuthActivity
ADDED from com.twitter.sdk.android:twitter-core:1.0.0:14:9
MERGED from com.twitter.sdk.android:twitter-core:1.0.0:14:9
MERGED from com.twitter.sdk.android:twitter-core:1.0.0:14:9
MERGED from com.twitter.sdk.android:twitter-core:1.0.0:14:9
MERGED from com.twitter.sdk.android:twitter-core:1.0.0:14:9
	android:configChanges
		ADDED from com.twitter.sdk.android:twitter-core:1.0.0:16:13
	android:exported
		ADDED from com.twitter.sdk.android:twitter-core:1.0.0:18:13
	android:excludeFromRecents
		ADDED from com.twitter.sdk.android:twitter-core:1.0.0:17:13
	android:name
		ADDED from com.twitter.sdk.android:twitter-core:1.0.0:15:13
activity#com.twitter.sdk.android.core.identity.ShareEmailActivity
ADDED from com.twitter.sdk.android:twitter-core:1.0.0:19:9
MERGED from com.twitter.sdk.android:twitter-core:1.0.0:19:9
MERGED from com.twitter.sdk.android:twitter-core:1.0.0:19:9
MERGED from com.twitter.sdk.android:twitter-core:1.0.0:19:9
MERGED from com.twitter.sdk.android:twitter-core:1.0.0:19:9
	android:label
		ADDED from com.twitter.sdk.android:twitter-core:1.0.0:25:13
	android:icon
		ADDED from com.twitter.sdk.android:twitter-core:1.0.0:24:13
	android:configChanges
		ADDED from com.twitter.sdk.android:twitter-core:1.0.0:21:13
	android:exported
		ADDED from com.twitter.sdk.android:twitter-core:1.0.0:23:13
	android:excludeFromRecents
		ADDED from com.twitter.sdk.android:twitter-core:1.0.0:22:13
	android:name
		ADDED from com.twitter.sdk.android:twitter-core:1.0.0:20:13
activity#com.digits.sdk.android.PhoneNumberActivity
ADDED from com.digits.sdk.android:digits:1.0.0:14:9
	android:windowSoftInputMode
		ADDED from com.digits.sdk.android:digits:1.0.0:21:13
	android:configChanges
		ADDED from com.digits.sdk.android:digits:1.0.0:16:13
	android:theme
		ADDED from com.digits.sdk.android:digits:1.0.0:20:13
	android:exported
		ADDED from com.digits.sdk.android:digits:1.0.0:18:13
	android:excludeFromRecents
		ADDED from com.digits.sdk.android:digits:1.0.0:17:13
	android:taskAffinity
		ADDED from com.digits.sdk.android:digits:1.0.0:19:13
	android:name
		ADDED from com.digits.sdk.android:digits:1.0.0:15:13
activity#com.digits.sdk.android.ConfirmationCodeActivity
ADDED from com.digits.sdk.android:digits:1.0.0:22:9
	android:windowSoftInputMode
		ADDED from com.digits.sdk.android:digits:1.0.0:29:13
	android:configChanges
		ADDED from com.digits.sdk.android:digits:1.0.0:24:13
	android:theme
		ADDED from com.digits.sdk.android:digits:1.0.0:28:13
	android:exported
		ADDED from com.digits.sdk.android:digits:1.0.0:26:13
	android:excludeFromRecents
		ADDED from com.digits.sdk.android:digits:1.0.0:25:13
	android:taskAffinity
		ADDED from com.digits.sdk.android:digits:1.0.0:27:13
	android:name
		ADDED from com.digits.sdk.android:digits:1.0.0:23:13
activity#com.digits.sdk.android.LoginCodeActivity
ADDED from com.digits.sdk.android:digits:1.0.0:30:9
	android:windowSoftInputMode
		ADDED from com.digits.sdk.android:digits:1.0.0:38:13
	android:configChanges
		ADDED from com.digits.sdk.android:digits:1.0.0:32:13
	android:theme
		ADDED from com.digits.sdk.android:digits:1.0.0:37:13
	android:exported
		ADDED from com.digits.sdk.android:digits:1.0.0:34:13
	android:excludeFromRecents
		ADDED from com.digits.sdk.android:digits:1.0.0:33:13
	android:taskAffinity
		ADDED from com.digits.sdk.android:digits:1.0.0:36:13
	android:name
		ADDED from com.digits.sdk.android:digits:1.0.0:31:13
	android:launchMode
		ADDED from com.digits.sdk.android:digits:1.0.0:35:13
activity#com.digits.sdk.android.TwitterLoginActivity
ADDED from com.digits.sdk.android:digits:1.0.0:39:9
	android:configChanges
		ADDED from com.digits.sdk.android:digits:1.0.0:41:13
	android:theme
		ADDED from com.digits.sdk.android:digits:1.0.0:45:13
	android:exported
		ADDED from com.digits.sdk.android:digits:1.0.0:43:13
	android:excludeFromRecents
		ADDED from com.digits.sdk.android:digits:1.0.0:42:13
	android:taskAffinity
		ADDED from com.digits.sdk.android:digits:1.0.0:44:13
	android:name
		ADDED from com.digits.sdk.android:digits:1.0.0:40:13
activity#com.digits.sdk.android.ContactsActivity
ADDED from com.digits.sdk.android:digits:1.0.0:46:9
	android:configChanges
		ADDED from com.digits.sdk.android:digits:1.0.0:48:13
	android:theme
		ADDED from com.digits.sdk.android:digits:1.0.0:51:13
	android:exported
		ADDED from com.digits.sdk.android:digits:1.0.0:50:13
	android:excludeFromRecents
		ADDED from com.digits.sdk.android:digits:1.0.0:49:13
	android:name
		ADDED from com.digits.sdk.android:digits:1.0.0:47:13
service#com.digits.sdk.android.ContactsUploadService
ADDED from com.digits.sdk.android:digits:1.0.0:53:9
	android:exported
		ADDED from com.digits.sdk.android:digits:1.0.0:56:13
	android:enabled
		ADDED from com.digits.sdk.android:digits:1.0.0:55:13
	android:name
		ADDED from com.digits.sdk.android:digits:1.0.0:54:13